<?xml version="1.0" encoding="UTF-8"?>
<testsuite xmlns:xsi="http://www.w3.org/2001/XMLSchema-instance" xsi:schemaLocation="https://maven.apache.org/surefire/maven-surefire-plugin/xsd/surefire-test-report.xsd" name="test.java.TestCalculator" time="0.508" tests="4" errors="4" skipped="0" failures="0">
  <properties>
[...]
</properties>
  <testcase name="addition" classname="test.java.TestCalculator" time="0.442">
    <error message="Unable to invoke request" type="javax.ws.rs.ProcessingException">javax.ws.rs.ProcessingException: Unable to invoke request
	at test.java.TestCalculator.addition(TestCalculator.java:13)
Caused by: java.net.ConnectException: Bağlantı reddedildi (Connection refused)
	at test.java.TestCalculator.addition(TestCalculator.java:13)
</error>
    <system-err><![CDATA[SLF4J: Class path contains multiple SLF4J bindings.
SLF4J: Found binding in [jar:file:/home/stajyer/.m2/repository/org/slf4j/slf4j-simple/1.5.8/slf4j-simple-1.5.8.jar!/org/slf4j/impl/StaticLoggerBinder.class]
SLF4J: Found binding in [jar:file:/home/stajyer/.m2/repository/ch/qos/logback/logback-classic/1.2.3/logback-classic-1.2.3.jar!/org/slf4j/impl/StaticLoggerBinder.class]
SLF4J: See http://www.slf4j.org/codes.html#multiple_bindings for an explanation.
SLF4J: Actual binding is of type [org.slf4j.impl.SimpleLoggerFactory]
SLF4J: The requested version 1.5.8 by your slf4j binding is not compatible with [1.6, 1.7]
SLF4J: See http://www.slf4j.org/codes.html#version_mismatch for further details.
log4j:WARN No appenders could be found for logger (org.jboss.resteasy.plugins.providers.DocumentProvider).
log4j:WARN Please initialize the log4j system properly.
log4j:WARN See http://logging.apache.org/log4j/1.2/faq.html#noconfig for more info.
]]></system-err>
  </testcase>
  <testcase name="substraction" classname="test.java.TestCalculator" time="0.007">
    <error message="Unable to invoke request" type="javax.ws.rs.ProcessingException">javax.ws.rs.ProcessingException: Unable to invoke request
	at test.java.TestCalculator.substraction(TestCalculator.java:18)
Caused by: java.net.ConnectException: Bağlantı reddedildi (Connection refused)
	at test.java.TestCalculator.substraction(TestCalculator.java:18)
</error>
  </testcase>
  <testcase name="division" classname="test.java.TestCalculator" time="0.007">
    <error message="Unable to invoke request" type="javax.ws.rs.ProcessingException">javax.ws.rs.ProcessingException: Unable to invoke request
	at test.java.TestCalculator.division(TestCalculator.java:28)
Caused by: java.net.ConnectException: Bağlantı reddedildi (Connection refused)
	at test.java.TestCalculator.division(TestCalculator.java:28)
</error>
  </testcase>
  <testcase name="multiplication" classname="test.java.TestCalculator" time="0.006">
    <error message="Unable to invoke request" type="javax.ws.rs.ProcessingException">javax.ws.rs.ProcessingException: Unable to invoke request
	at test.java.TestCalculator.multiplication(TestCalculator.java:23)
Caused by: java.net.ConnectException: Bağlantı reddedildi (Connection refused)
	at test.java.TestCalculator.multiplication(TestCalculator.java:23)
</error>
  </testcase>
</testsuite>